[2022-10-03 22:56:34,124: INFO: stage_02_featurization]: 
********************
[2022-10-03 22:56:34,124: INFO: stage_02_featurization]: >>>>> stage Featurization started <<<<<
[2022-10-03 22:56:34,129: INFO: common]: yaml file: configs/config.yaml loaded successfully
[2022-10-03 22:56:34,129: INFO: common]: yaml file: params.yaml loaded successfully
[2022-10-03 22:56:34,129: INFO: common]: created directory at: artifacts\features
[2022-10-03 22:56:34,335: INFO: common]: The input data frame artifacts\prepared\train.tsv of size (17536, 3) is read.
[2022-10-03 22:56:48,312: ERROR: stage_02_featurization]: save_matrix() got an unexpected keyword argument 'matrix'
Traceback (most recent call last):
  File "src/stage_02_featurization.py", line 80, in <module>
    main(config_path=parsed_args.config, params_path=parsed_args.params)
  File "src/stage_02_featurization.py", line 58, in main
    save_matrix(df=df_train, matrix=train_words_tfidf_matrix, out_path = featurized_train_data_path)
TypeError: save_matrix() got an unexpected keyword argument 'matrix'
[2022-10-03 22:57:46,272: INFO: stage_02_featurization]: 
********************
[2022-10-03 22:57:46,272: INFO: stage_02_featurization]: >>>>> stage Featurization started <<<<<
[2022-10-03 22:57:46,277: INFO: common]: yaml file: configs/config.yaml loaded successfully
[2022-10-03 22:57:46,277: INFO: common]: yaml file: params.yaml loaded successfully
[2022-10-03 22:57:46,277: INFO: common]: created directory at: artifacts\features
[2022-10-03 22:57:46,437: INFO: common]: The input data frame artifacts\prepared\train.tsv of size (17536, 3) is read.
[2022-10-03 22:58:00,603: ERROR: stage_02_featurization]: save_matrix() got an unexpected keyword argument 'test_matrix'
Traceback (most recent call last):
  File "src/stage_02_featurization.py", line 80, in <module>
    main(config_path=parsed_args.config, params_path=parsed_args.params)
  File "src/stage_02_featurization.py", line 58, in main
    save_matrix(df=df_train, test_matrix=train_words_tfidf_matrix, out_path = featurized_train_data_path)
TypeError: save_matrix() got an unexpected keyword argument 'test_matrix'
[2022-10-03 22:59:04,261: INFO: stage_02_featurization]: 
********************
[2022-10-03 22:59:04,261: INFO: stage_02_featurization]: >>>>> stage Featurization started <<<<<
[2022-10-03 22:59:04,261: INFO: common]: yaml file: configs/config.yaml loaded successfully
[2022-10-03 22:59:04,266: INFO: common]: yaml file: params.yaml loaded successfully
[2022-10-03 22:59:04,266: INFO: common]: created directory at: artifacts\features
[2022-10-03 22:59:04,450: INFO: common]: The input data frame artifacts\prepared\train.tsv of size (17536, 3) is read.
[2022-10-03 22:59:18,333: ERROR: stage_02_featurization]: local variable 'msg' referenced before assignment
Traceback (most recent call last):
  File "src/stage_02_featurization.py", line 80, in <module>
    main(config_path=parsed_args.config, params_path=parsed_args.params)
  File "src/stage_02_featurization.py", line 58, in main
    save_matrix(df=df_train, text_matrix=train_words_tfidf_matrix, out_path = featurized_train_data_path)
  File "d:\usama\personal\ineuron\2022\projects\fsds-dvc-nlp-project-with-docs\src\utils\data_mgmt.py", line 40, in save_matrix
    logging.info(msg)
UnboundLocalError: local variable 'msg' referenced before assignment
[2022-10-05 22:11:01,451: INFO: stage_02_featurization]: 
********************
[2022-10-05 22:11:01,451: INFO: stage_02_featurization]: >>>>> stage Featurization started <<<<<
[2022-10-05 22:11:01,458: INFO: common]: yaml file: configs/config.yaml loaded successfully
[2022-10-05 22:11:01,463: INFO: common]: yaml file: params.yaml loaded successfully
[2022-10-05 22:11:01,463: INFO: common]: created directory at: artifacts\features
[2022-10-05 22:11:02,456: INFO: common]: The input data frame artifacts\prepared\train.tsv of size (17536, 3) is read.
[2022-10-05 22:11:15,442: INFO: data_mgmt]: The output matrix saved at artifacts\features\train.pkl of shape (17536, 2502)
[2022-10-05 22:11:15,919: INFO: common]: The input data frame artifacts\prepared\test.tsv of size (7464, 3) is read.
[2022-10-05 22:11:18,146: INFO: data_mgmt]: The output matrix saved at artifacts\features\test.pkl of shape (7464, 2502)
[2022-10-05 22:11:18,518: INFO: stage_02_featurization]: >>>>> stage Featurization completed!<<<<<

[2022-10-05 22:21:41,708: INFO: stage_01_prepare_data]: 
********************
[2022-10-05 22:21:41,708: INFO: stage_01_prepare_data]: >>>>> stage Prepare_data started <<<<<
[2022-10-05 22:21:41,711: INFO: common]: yaml file: configs/config.yaml loaded successfully
[2022-10-05 22:21:41,712: INFO: common]: yaml file: params.yaml loaded successfully
[2022-10-05 22:21:41,713: INFO: common]: created directory at: artifacts\prepared
[2022-10-05 22:21:44,870: INFO: stage_01_prepare_data]: >>>>> stage Prepare_data completed!<<<<<

[2022-10-05 22:21:50,087: INFO: stage_02_featurization]: 
********************
[2022-10-05 22:21:50,087: INFO: stage_02_featurization]: >>>>> stage Featurization started <<<<<
[2022-10-05 22:21:50,090: INFO: common]: yaml file: configs/config.yaml loaded successfully
[2022-10-05 22:21:50,092: INFO: common]: yaml file: params.yaml loaded successfully
[2022-10-05 22:21:50,093: INFO: common]: created directory at: artifacts\features
[2022-10-05 22:21:50,263: INFO: common]: The input data frame artifacts\prepared\train.tsv of size (17536, 3) is read.
[2022-10-05 22:22:02,558: INFO: data_mgmt]: The output matrix saved at artifacts\features\train.pkl of shape (17536, 2502)
[2022-10-05 22:22:02,639: INFO: common]: The input data frame artifacts\prepared\test.tsv of size (7464, 3) is read.
[2022-10-05 22:22:04,588: INFO: data_mgmt]: The output matrix saved at artifacts\features\test.pkl of shape (7464, 2502)
[2022-10-05 22:22:04,837: INFO: stage_02_featurization]: >>>>> stage Featurization completed!<<<<<

[2022-10-05 22:42:54,329: INFO: stage_03_train]: 
********************
[2022-10-05 22:42:54,329: INFO: stage_03_train]: >>>>> stage STAGE_NAME started <<<<<
[2022-10-05 22:42:54,332: INFO: common]: yaml file: configs/config.yaml loaded successfully
[2022-10-05 22:42:54,334: INFO: common]: yaml file: params.yaml loaded successfully
[2022-10-05 22:42:54,334: INFO: common]: created directory at: artifacts\model
[2022-10-05 22:42:54,335: ERROR: stage_03_train]: [Errno 13] Permission denied: 'artifacts\\features'
Traceback (most recent call last):
  File "src/stage_03_train.py", line 73, in <module>
    main(config_path=parsed_args.config, params_path=parsed_args.params)
  File "src/stage_03_train.py", line 35, in main
    matrix = joblib.load(featurized_data_dir_path)
  File "D:\Usama\Personal\iNeuron\2022\Projects\FSDS-DVC-NLP-project-with-docs\env\lib\site-packages\joblib\numpy_pickle.py", line 650, in load
    with open(filename, 'rb') as f:
PermissionError: [Errno 13] Permission denied: 'artifacts\\features'
[2022-10-05 22:50:13,982: INFO: stage_03_train]: 
********************
[2022-10-05 22:50:13,982: INFO: stage_03_train]: >>>>> stage STAGE_NAME started <<<<<
[2022-10-05 22:50:13,985: INFO: common]: yaml file: configs/config.yaml loaded successfully
[2022-10-05 22:50:13,987: INFO: common]: yaml file: params.yaml loaded successfully
[2022-10-05 22:50:13,987: INFO: common]: created directory at: artifacts\model
[2022-10-05 22:50:13,987: ERROR: stage_03_train]: [Errno 13] Permission denied: 'artifacts\\features'
Traceback (most recent call last):
  File "src/stage_03_train.py", line 73, in <module>
    main(config_path=parsed_args.config, params_path=parsed_args.params)
  File "src/stage_03_train.py", line 35, in main
    matrix = joblib.load(featurized_data_dir_path)
  File "D:\Usama\Personal\iNeuron\2022\Projects\FSDS-DVC-NLP-project-with-docs\env\lib\site-packages\joblib\numpy_pickle.py", line 650, in load
    with open(filename, 'rb') as f:
PermissionError: [Errno 13] Permission denied: 'artifacts\\features'
[2022-10-05 22:59:51,980: INFO: stage_03_train]: 
********************
[2022-10-05 22:59:51,980: INFO: stage_03_train]: >>>>> stage STAGE_NAME started <<<<<
[2022-10-05 22:59:51,983: INFO: common]: yaml file: configs/config.yaml loaded successfully
[2022-10-05 22:59:51,985: INFO: common]: yaml file: params.yaml loaded successfully
[2022-10-05 22:59:51,986: INFO: common]: created directory at: artifacts\model
[2022-10-05 22:59:51,994: ERROR: stage_03_train]: 'coo_matrix' object is not subscriptable
Traceback (most recent call last):
  File "src/stage_03_train.py", line 74, in <module>
    main(config_path=parsed_args.config, params_path=parsed_args.params)
  File "src/stage_03_train.py", line 38, in main
    labels = np.squeeze(matrix[:,1].toarray())
TypeError: 'coo_matrix' object is not subscriptable
[2022-10-05 23:01:03,737: INFO: stage_01_prepare_data]: 
********************
[2022-10-05 23:01:03,738: INFO: stage_01_prepare_data]: >>>>> stage Prepare_data started <<<<<
[2022-10-05 23:01:03,741: INFO: common]: yaml file: configs/config.yaml loaded successfully
[2022-10-05 23:01:03,743: INFO: common]: yaml file: params.yaml loaded successfully
[2022-10-05 23:01:03,743: INFO: common]: created directory at: artifacts\prepared
[2022-10-05 23:01:06,982: INFO: stage_01_prepare_data]: >>>>> stage Prepare_data completed!<<<<<

[2022-10-05 23:01:12,042: INFO: stage_02_featurization]: 
********************
[2022-10-05 23:01:12,042: INFO: stage_02_featurization]: >>>>> stage Featurization started <<<<<
[2022-10-05 23:01:12,045: INFO: common]: yaml file: configs/config.yaml loaded successfully
[2022-10-05 23:01:12,047: INFO: common]: yaml file: params.yaml loaded successfully
[2022-10-05 23:01:12,048: INFO: common]: created directory at: artifacts\features
[2022-10-05 23:01:12,218: INFO: common]: The input data frame artifacts\prepared\train.tsv of size (17536, 3) is read.
[2022-10-05 23:01:25,059: INFO: data_mgmt]: The output matrix saved at artifacts\features\train.pkl of shape (17536, 2502)
[2022-10-05 23:01:25,134: INFO: common]: The input data frame artifacts\prepared\test.tsv of size (7464, 3) is read.
[2022-10-05 23:01:26,954: INFO: data_mgmt]: The output matrix saved at artifacts\features\test.pkl of shape (7464, 2502)
[2022-10-05 23:01:27,199: INFO: stage_02_featurization]: >>>>> stage Featurization completed!<<<<<

